[debug] [2022-10-05T18:29:41.571Z] ----------------------------------------------------------------------
[debug] [2022-10-05T18:29:41.573Z] Command:       /Users/nmutajones/.nvm/versions/node/v16.5.0/bin/node /Users/nmutajones/.nvm/versions/node/v16.5.0/bin/firebase init
[debug] [2022-10-05T18:29:41.573Z] CLI Version:   11.2.2
[debug] [2022-10-05T18:29:41.573Z] Platform:      darwin
[debug] [2022-10-05T18:29:41.573Z] Node Version:  v16.5.0
[debug] [2022-10-05T18:29:41.580Z] Time:          Wed Oct 05 2022 12:29:41 GMT-0600 (Mountain Daylight Time)
[debug] [2022-10-05T18:29:41.580Z] ----------------------------------------------------------------------
[debug] 
[debug] [2022-10-05T18:29:41.582Z] >>> [apiv2][query] GET https://firebase-public.firebaseio.com/cli.json [none]
[debug] [2022-10-05T18:29:41.602Z] > command requires scopes: ["email","openid","https://www.googleapis.com/auth/cloudplatformprojects.readonly","https://www.googleapis.com/auth/firebase","https://www.googleapis.com/auth/cloud-platform"]
[debug] [2022-10-05T18:29:41.602Z] > authorizing via signed-in user (nmuta1@gmail.com)
[info] 
     ######## #### ########  ######## ########     ###     ######  ########
     ##        ##  ##     ## ##       ##     ##  ##   ##  ##       ##
     ######    ##  ########  ######   ########  #########  ######  ######
     ##        ##  ##    ##  ##       ##     ## ##     ##       ## ##
     ##       #### ##     ## ######## ########  ##     ##  ######  ########

You're about to initialize a Firebase project in this directory:

  /Users/nmutajones/Documents/scratch/games

[debug] [2022-10-05T18:29:42.493Z] <<< [apiv2][status] GET https://firebase-public.firebaseio.com/cli.json 200
[debug] [2022-10-05T18:29:42.494Z] <<< [apiv2][body] GET https://firebase-public.firebaseio.com/cli.json {"cloudBuildErrorAfter":1594252800000,"cloudBuildWarnAfter":1590019200000,"defaultNode10After":1594252800000,"minVersion":"3.0.5","node8DeploysDisabledAfter":1613390400000,"node8RuntimeDisabledAfter":1615809600000,"node8WarnAfter":1600128000000}
[info] 
=== Project Setup
[info] 
[info] First, let's associate this project directory with a Firebase project.
[info] You can create multiple project aliases by running firebase use --add, 
[info] but for now we'll just set up a default project.
[info] 
[info] i  If you want to create a project in a Google Cloud organization or folder, please use "firebase projects:create" instead, and return to this command when you've created the project. 
[debug] [2022-10-05T18:30:16.822Z] > refreshing access token with scopes: []
[debug] [2022-10-05T18:30:16.823Z] >>> [apiv2][query] POST https://www.googleapis.com/oauth2/v3/token [none]
[debug] [2022-10-05T18:30:16.823Z] >>> [apiv2][body] POST https://www.googleapis.com/oauth2/v3/token [omitted]
[debug] [2022-10-05T18:30:17.027Z] <<< [apiv2][status] POST https://www.googleapis.com/oauth2/v3/token 200
[debug] [2022-10-05T18:30:17.027Z] <<< [apiv2][body] POST https://www.googleapis.com/oauth2/v3/token [omitted]
[debug] [2022-10-05T18:30:17.069Z] >>> [apiv2][query] POST https://cloudresourcemanager.googleapis.com/v1/projects [none]
[debug] [2022-10-05T18:30:17.070Z] >>> [apiv2][body] POST https://cloudresourcemanager.googleapis.com/v1/projects {"projectId":"worldTraveler","name":"worldTraveler"}
[debug] [2022-10-05T18:30:18.402Z] <<< [apiv2][status] POST https://cloudresourcemanager.googleapis.com/v1/projects 400
[debug] [2022-10-05T18:30:18.402Z] <<< [apiv2][body] POST https://cloudresourcemanager.googleapis.com/v1/projects {"error":{"code":400,"message":"field [project_id] has issue [project_id contains invalid characters]","status":"INVALID_ARGUMENT","details":[{"@type":"type.googleapis.com/google.rpc.BadRequest","fieldViolations":[{"field":"project_id","description":"project_id contains invalid characters"}]},{"@type":"type.googleapis.com/google.rpc.Help","links":[{"url":"https://cloud.google.com/resource-manager/reference/rest/v1/projects"}]}]}}
[debug] [2022-10-05T18:30:18.404Z] FirebaseError: HTTP Error: 400, field [project_id] has issue [project_id contains invalid characters]
    at responseToError (/Users/nmutajones/.nvm/versions/node/v16.5.0/lib/node_modules/firebase-tools/lib/responseToError.js:49:12)
    at RetryOperation._fn (/Users/nmutajones/.nvm/versions/node/v16.5.0/lib/node_modules/firebase-tools/lib/apiv2.js:287:77)
    at processTicksAndRejections (node:internal/process/task_queues:96:5)
[error] 
[error] Error: Failed to create project. See firebase-debug.log for more info.
